<?xml version="1.0" encoding="UTF-8"?>
<!-- Generated by org.testng.reporters.JUnitXMLReporter -->
<testsuite hostname="LAPTOP-TEFCBM5F" ignored="1" name="Default test" tests="2" failures="0" timestamp="2021-05-15T11:41:20 IST" time="0.055" errors="0">
  <testcase name="Testt2" time="0.019" classname="Toolsqa.ToolsqaTesting.TestNgAnnatation"/>
  <testcase name="Testt3" time="0.002" classname="Toolsqa.ToolsqaTesting.TestNgAnnatation"/>
  <testcase name="Testt1" time="0.0" classname="Toolsqa.ToolsqaTesting.TestNgAnnatation">
    <ignored/>
  </testcase> <!-- Testt1 -->
</testsuite> <!-- Default test -->
