<?xml version="1.0" encoding="UTF-8"?>
<!-- Generated by org.testng.reporters.JUnitXMLReporter -->
<testsuite hostname="LAPTOP-TEFCBM5F" ignored="0" name="Method Test Cases" tests="3" failures="0" timestamp="2021-05-15T11:54:23 IST" time="0.076" errors="0">
  <testcase name="Testt1" time="0.007" classname="Toolsqa.ToolsqaTesting.TestNgGroupss"/>
  <testcase name="Testt2" time="0.001" classname="Toolsqa.ToolsqaTesting.TestNgGroupss"/>
  <testcase name="Testt3" time="0.001" classname="Toolsqa.ToolsqaTesting.TestNgGroupss"/>
</testsuite> <!-- Method Test Cases -->
