<?xml version="1.0" encoding="UTF-8"?>
<testng-results skipped="0" failed="0" ignored="0" total="3" passed="3">
  <reporter-output>
  </reporter-output>
  <suite name="Sample Test Suite" duration-ms="76" started-at="2021-05-15T11:54:23 IST" finished-at="2021-05-15T11:54:23 IST">
    <groups>
      <group name="Functional">
        <method signature="TestNgGroupss.Testt3()[pri:3, instance:Toolsqa.ToolsqaTesting.TestNgGroupss@2d6eabae]" name="Testt3" class="Toolsqa.ToolsqaTesting.TestNgGroupss"/>
      </group> <!-- Functional -->
      <group name="Regression">
        <method signature="TestNgGroupss.Testt2()[pri:2, instance:Toolsqa.ToolsqaTesting.TestNgGroupss@2d6eabae]" name="Testt2" class="Toolsqa.ToolsqaTesting.TestNgGroupss"/>
      </group> <!-- Regression -->
      <group name="sanity">
        <method signature="TestNgGroupss.Testt1()[pri:1, instance:Toolsqa.ToolsqaTesting.TestNgGroupss@2d6eabae]" name="Testt1" class="Toolsqa.ToolsqaTesting.TestNgGroupss"/>
      </group> <!-- sanity -->
    </groups>
    <test name="Method Test Cases" duration-ms="76" started-at="2021-05-15T11:54:23 IST" finished-at="2021-05-15T11:54:23 IST">
      <class name="Toolsqa.ToolsqaTesting.TestNgGroupss">
        <test-method status="PASS" signature="Testt1()[pri:1, instance:Toolsqa.ToolsqaTesting.TestNgGroupss@2d6eabae]" name="Testt1" duration-ms="7" started-at="2021-05-15T11:54:23 IST" finished-at="2021-05-15T11:54:23 IST">
          <reporter-output>
          </reporter-output>
        </test-method> <!-- Testt1 -->
        <test-method status="PASS" signature="Testt2()[pri:2, instance:Toolsqa.ToolsqaTesting.TestNgGroupss@2d6eabae]" name="Testt2" duration-ms="1" started-at="2021-05-15T11:54:23 IST" finished-at="2021-05-15T11:54:23 IST">
          <reporter-output>
          </reporter-output>
        </test-method> <!-- Testt2 -->
        <test-method status="PASS" signature="Testt3()[pri:3, instance:Toolsqa.ToolsqaTesting.TestNgGroupss@2d6eabae]" name="Testt3" duration-ms="1" started-at="2021-05-15T11:54:23 IST" finished-at="2021-05-15T11:54:23 IST">
          <reporter-output>
          </reporter-output>
        </test-method> <!-- Testt3 -->
      </class> <!-- Toolsqa.ToolsqaTesting.TestNgGroupss -->
    </test> <!-- Method Test Cases -->
  </suite> <!-- Sample Test Suite -->
</testng-results>
